Обозначения:
[+] - улучшения
[*] - изменения
[!] - исправления

================================================================================
Версия модуля: 1.3

Совместимость:
CS-CART ultimate: 4.3.3-5
CS-CART multivendor: none
[+] - добавлен параметр выбора анимации способа загрузки (css или gif)
[+] - изменена структура кнопки "Загрузить еще" для большей гибкости удовлетворения пожеланий клиентов

================================================================================
Версия модуля: 1.2

Совместимость:
CS-CART ultimate: 4.3.3-5
CS-CART multivendor: none
[*] - оптимизация определения типа шаблонов
[*] - упрощены стили, а также введены только собственные стили, чтобы исключить конфликты

================================================================================
Версия модуля: 1.1

Совместимость:
CS-CART ultimate: 4.3.5
CS-CART multivendor: none
[+] - реализация выбора способа подгрузки товаров на странице категории: автоматический и ручной
[+] - реализация параметра, на каком расстоянии от низа страницы производить загрузку новых товаров

================================================================================
Версия модуля: 1.0

Совместимость:
CS-CART ultimate: 4.3.5
CS-CART multivendor: none
[+] - реализация автоматической подгрузки товаров на странице категории
