[0.00001] [Notice] Creating database scheme
[1.83710] [Notice] Redirecting. Do not refresh the page!
[0.00001] [Notice] Importing data
[0.60173] [Notice] Redirecting. Do not refresh the page!
[0.00001] [Notice] Creating demo
[17.61423] [Notice] Redirecting. Do not refresh the page!
[0.00001] [Notice] Redirecting. Do not refresh the page!
[0.00002] [Notice] Redirecting. Do not refresh the page!
[0.00001] [Notice] Redirecting. Do not refresh the page!
[0.00001] [Notice] Redirecting. Do not refresh the page!
[0.00002] [Notice] Redirecting. Do not refresh the page!
[0.00001] [Notice] Redirecting. Do not refresh the page!
[0.00001] [Notice] Redirecting. Do not refresh the page!
[0.00001] [Notice] Redirecting. Do not refresh the page!
[0.00001] [Notice] Redirecting. Do not refresh the page!
[0.00001] [Notice] Installing additional language en
[0.49454] [Notice] Installing additional language en
[7.47444] [Notice] Redirecting. Do not refresh the page!
[0.00001] [Notice] Installing additional language en
[11.99391] [Notice] Redirecting. Do not refresh the page!
[0.00001] [Notice] Installing additional language en
[2.70987] [Notice] Redirecting. Do not refresh the page!
[0.00001] [Notice] Creating demo
